cairo_move_to(context, 79.69, 198.14);
cairo_rel_curve_to(context, -34.74, 0.00, -72.88, 19.61, -72.75, 63.50);
cairo_rel_curve_to(context, 0.76, 50.14, 45.52, 73.61, 81.96, 37.78);
cairo_rel_curve_to(context, -13.50, 0.02, -19.88, -7.60, -19.96, -20.42);
cairo_rel_curve_to(context, -0.08, -12.05, 10.17, -29.84, 28.62, -29.75);
cairo_rel_curve_to(context, 36.16, 0.17, 70.87, 35.36, 70.75, 74.38);
cairo_rel_curve_to(context, -0.06, 19.44, -4.08, 45.94, -26.75, 46.38);
cairo_rel_curve_to(context, -10.76, 0.21, -26.82, -3.46, -34.75, -16.38);
cairo_rel_curve_to(context, -9.60, 27.42, 8.57, 46.14, 33.50, 45.88);
cairo_rel_curve_to(context, 33.16, -0.36, 54.80, -35.66, 55.12, -76.00);
cairo_curve_to(context, 195.93, 261.72, 136.63, 198.14, 79.69, 198.14);
cairo_close_path(context);
cairo_move_to(context, 360.31, 198.14);
cairo_rel_curve_to(context, 34.74, 0.00, 72.88, 19.61, 72.75, 63.50);
cairo_rel_curve_to(context, -0.76, 50.14, -45.52, 73.61, -81.96, 37.78);
cairo_rel_curve_to(context, 13.50, 0.02, 19.88, -7.60, 19.96, -20.42);
cairo_rel_curve_to(context, 0.08, -12.05, -10.17, -29.84, -28.62, -29.75);
cairo_rel_curve_to(context, -36.16, 0.17, -70.87, 35.36, -70.75, 74.38);
cairo_rel_curve_to(context, 0.06, 19.44, 4.08, 45.94, 26.75, 46.38);
cairo_rel_curve_to(context, 10.76, 0.21, 26.82, -3.46, 34.75, -16.38);
cairo_rel_curve_to(context, 9.60, 27.42, -8.57, 46.14, -33.50, 45.88);
cairo_rel_curve_to(context, -33.16, -0.36, -54.80, -35.66, -55.12, -76.00);
cairo_curve_to(context, 244.06, 261.72, 303.37, 198.14, 360.31, 198.14);
cairo_close_path(context);
cairo_move_to(context, 220.00, 9.29);
cairo_rel_curve_to(context, -32.81, 26.37, -77.53, 68.83, -77.17, 105.32);
cairo_rel_curve_to(context, 0.72, 72.75, 60.92, 147.70, 60.34, 193.14);
cairo_rel_curve_to(context, -0.70, 55.50, -15.98, 96.06, -50.18, 96.27);
cairo_rel_curve_to(context, 34.21, 18.58, 34.21, 18.58, 67.02, 66.69);
cairo_rel_curve_to(context, 30.16, -48.11, 30.16, -48.11, 65.57, -65.24);
cairo_rel_curve_to(context, -35.41, -1.68, -48.98, -42.09, -49.46, -98.45);
cairo_curve_to(context, 235.72, 261.68, 297.73, 187.36, 297.17, 114.61);
cairo_curve_to(context, 296.89, 78.05, 250.16, 35.36, 220.00, 9.29);
cairo_close_path(context);
cairo_move_to(context, 160.26, 312.20);
cairo_rel_curve_to(context, -12.75, -0.73, -14.22, 21.08, 0.00, 21.09);
cairo_rel_curve_to(context, 60.74, -0.35, 60.74, -0.32, 118.80, 0.00);
cairo_rel_curve_to(context, 15.26, 0.39, 13.48, -21.82, 0.00, -21.09);
cairo_curve_to(context, 221.00, 311.47, 221.00, 311.47, 160.26, 312.20);
cairo_close_path(context);
