cc -Wall -Os `pkg-config --cflags gtk+-2.0 librsvg-2.0` -c cairo-clock.c -o cairo-clock.o
In file included from /usr/include/gtk-2.0/gtk/gtkobject.h:37,
                 from /usr/include/gtk-2.0/gtk/gtkwidget.h:36,
                 from /usr/include/gtk-2.0/gtk/gtkcontainer.h:35,
                 from /usr/include/gtk-2.0/gtk/gtkbin.h:35,
                 from /usr/include/gtk-2.0/gtk/gtkwindow.h:36,
                 from /usr/include/gtk-2.0/gtk/gtkdialog.h:35,
                 from /usr/include/gtk-2.0/gtk/gtkaboutdialog.h:32,
                 from /usr/include/gtk-2.0/gtk/gtk.h:33,
                 from cairo-clock.c:17:
/usr/include/gtk-2.0/gtk/gtktypeutils.h:236:1: warning: 'GTypeDebugFlags' is deprecated [-Wdeprecated-declarations]
  236 | void            gtk_type_init   (GTypeDebugFlags    debug_flags);
      | ^~~~
In file included from /usr/include/glib-2.0/gobject/gobject.h:26,
                 from /usr/include/glib-2.0/gobject/gbinding.h:31,
                 from /usr/include/glib-2.0/glib-object.h:24,
                 from /usr/include/glib-2.0/gio/gioenums.h:30,
                 from /usr/include/glib-2.0/gio/giotypes.h:30,
                 from /usr/include/glib-2.0/gio/gio.h:28,
                 from /usr/include/gtk-2.0/gdk/gdkapplaunchcontext.h:30,
                 from /usr/include/gtk-2.0/gdk/gdk.h:32,
                 from /usr/include/gtk-2.0/gtk/gtk.h:32:
/usr/include/glib-2.0/gobject/gtype.h:723:1: note: declared here
  723 | {
      | ^
In file included from /usr/include/gtk-2.0/gtk/gtktoolitem.h:31,
                 from /usr/include/gtk-2.0/gtk/gtktoolbutton.h:30,
                 from /usr/include/gtk-2.0/gtk/gtkmenutoolbutton.h:30,
                 from /usr/include/gtk-2.0/gtk/gtk.h:126:
/usr/include/gtk-2.0/gtk/gtktooltips.h:73:3: warning: 'GTimeVal' is deprecated: Use 'GDateTime' instead [-Wdeprecated-declarations]
   73 |   GTimeVal last_popdown;
      |   ^~~~~~~~
In file included from /usr/include/glib-2.0/glib/galloca.h:34,
                 from /usr/include/glib-2.0/glib.h:32,
                 from /usr/include/glib-2.0/gobject/gbinding.h:30:
/usr/include/glib-2.0/glib/gtypes.h:580:8: note: declared here
  580 | struct _GTimeVal
      |        ^~~~~~~~~
cairo-clock.c: In function 'main':
cairo-clock.c:269:3: warning: 'rsvg_handle_get_dimensions' is deprecated: Use 'rsvg_handle_get_intrinsic_size_in_pixels' instead [-Wdeprecated-declarations]
  269 |   rsvg_handle_get_dimensions(g_pSvgHandles[CLOCK_DROP_SHADOW], &g_DimensionData);
      |   ^~~~~~~~~~~~~~~~~~~~~~~~~~
In file included from cairo-clock.c:22:
/usr/local/include/librsvg-2.0/librsvg/rsvg.h:661:6: note: declared here
  661 | void rsvg_handle_get_dimensions (RsvgHandle *handle, RsvgDimensionData *dimension_data);
      |      ^~~~~~~~~~~~~~~~~~~~~~~~~~
cc `pkg-config --libs gtk+-2.0 librsvg-2.0` -lm cairo-clock.o -o cairo-clock
strip cairo-clock
